NUM	3
SM	;
NUM	5
MO	-
NUM	6
SM	;
NUM	1
MO	-
NUM	2
MO	-
NUM	3
TO	*
NUM	4
PO	+
NUM	9
DO	/
NUM	3
MO	-
NUM	3
MO	-
NUM	4
MO	-
NUM	2
SM	;
NUM	5
TO	*
NUM	3
TO	*
NUM	10
DO	/
NUM	25
DO	/
NUM	5
SM	;
NUM	5
TO	*
NUM	3
TO	*
NUM	10
DO	/
NUM	25
DO	/
NUM	5
SM	;
NUM	6
MO	-
NUM	3
DO	/
NUM	2
SM	;
NUM	12
MO	-
NUM	9
TO	*
NUM	5
DO	/
NUM	6
DO	/
NUM	3
SM	;
NUM	161
MO	-
NUM	14
MO	-
NUM	8
MO	-
NUM	7
TO	*
NUM	6
MO	-
NUM	2
SM	;
NUM	7
TO	*
NUM	7
DO	/
NUM	7
TO	*
NUM	8
DO	/
NUM	8
TO	*
NUM	9
DO	/
NUM	9
SM	;
NUM	5
PO	+
NUM	3
SM	;
NUM	5
MO	-
NUM	3
PO	+
NUM	0
TO	*
NUM	10
TO	*
NUM	16
TO	*
NUM	19
TO	*
NUM	12
TO	*
NUM	17
TO	*
NUM	18
TO	*
NUM	11
SM	;
MO	-
NUM	0
SM	;
