17	class
18	Algebra
10	{
17	static
17	boolean
18	isPrime
8	(
17	int
18	c
9	)
10	{
17	if
8	(
18	c
12	%
6	2
13	==
6	0
9	)
17	return
19	false
1	;
17	int
18	d
1	;
18	d
21	=
6	3
1	;
17	while
8	(
18	d
14	!=
18	c
9	)
10	{
17	if
8	(
18	c
12	%
18	d
13	==
6	0
9	)
17	return
19	false
1	;
18	d
21	=
18	d
2	+
6	2
1	;
11	}
17	String
18	s
21	=
20	"This is a useless string literal"
1	;
17	return
19	true
1	;
11	}
17	static
17	int
18	gcd
8	(
17	int
18	a
7	,
17	int
18	b
9	)
10	{
17	int
18	m
1	;
18	m
21	=
18	b
12	%
18	a
1	;
17	if
8	(
18	m
13	==
6	0
9	)
17	return
18	a
1	;
17	else
17	return
18	gcd
8	(
18	m
7	,
18	a
9	)
1	;
11	}
17	static
17	int
18	fibonacci
8	(
17	int
18	n
9	)
10	{
17	if
8	(
8	(
18	n
13	==
6	1
9	)
15	||
8	(
18	n
13	==
6	2
9	)
9	)
17	return
6	1
1	;
17	else
17	return
18	fibonacci
8	(
18	n
3	-
6	1
9	)
2	+
18	fibonacci
8	(
18	n
3	-
6	2
9	)
1	;
11	}
17	static
17	float
18	average
8	(
17	int
18	n1
7	,
17	int
18	n2
7	,
17	int
18	n3
9	)
10	{
17	float
18	sum
21	=
18	n1
2	+
18	n2
2	+
18	n3
1	;
17	return
18	sum
5	/
6	3.0
1	;
11	}
11	}
